<?xml version="1.0" encoding="UTF-8"?>
<testsuite name="com.example.counter.ExampleUnitTest" tests="1" skipped="0" failures="0" errors="0" timestamp="2025-07-24T16:58:00.775Z" hostname="WIN-4GCHC542RRS" time="0.006">
  <properties/>
  <testcase name="addition_isCorrect" classname="com.example.counter.ExampleUnitTest" time="0.006"/>
  <system-out><![CDATA[]]></system-out>
  <system-err><![CDATA[]]></system-err>
</testsuite>
